Compiling the C compiler identification source file "CMakeCCompilerId.c" failed.
Compiler: C:/MinGW/bin/gcc.exe 
Build flags: 
Id flags: 

The output was:
The requested operation requires elevation


Compiling the C compiler identification source file "CMakeCCompilerId.c" failed.
Compiler: C:/MinGW/bin/gcc.exe 
Build flags: 
Id flags: -c

The output was:
The requested operation requires elevation


Compiling the C compiler identification source file "CMakeCCompilerId.c" failed.
Compiler: C:/MinGW/bin/gcc.exe 
Build flags: 
Id flags: -Aa

The output was:
The requested operation requires elevation


Checking whether the C compiler is IAR using "" did not match "IAR .+ Compiler":
Compiling the CXX compiler identification source file "CMakeCXXCompilerId.cpp" failed.
Compiler: C:/MinGW/bin/g++.exe 
Build flags: 
Id flags: 

The output was:
The requested operation requires elevation


Compiling the CXX compiler identification source file "CMakeCXXCompilerId.cpp" failed.
Compiler: C:/MinGW/bin/g++.exe 
Build flags: 
Id flags: -c

The output was:
The requested operation requires elevation


Checking whether the CXX compiler is IAR using "" did not match "IAR .+ Compiler":
Determining if the C compiler works failed with the following output:
Change Dir: C:/Users/Owner/Documents/GitHub/orthogon/build/CMakeFiles/CMakeTmp

Run Build Command:C:/MinGW/bin/mingw32-make.exe "cmTryCompileExec3538705898/fast"
The requested operation requires elevation
Generator: execution of make failed. Make command was: C:/MinGW/bin/mingw32-make.exe "cmTryCompileExec3538705898/fast"


